android/app/build/intermediates/manifest_merge_blame_file/release/manifest-merger-blame-release-report.txt
1<?xml version="1.0" encoding="utf-8"?>
2<manifest xmlns:android="http://schemas.android.com/apk/res/android"
3    package="com.example.clima"
4    android:versionCode="1"
5    android:versionName="1.0" >
6
7    <uses-sdk
8        android:minSdkVersion="21"
9        android:targetSdkVersion="34" />
10
11    <uses-permission android:name="android.permission.INTERNET" />
11-->src\main\AndroidManifest.xml:3:5-67
11-->src\main\AndroidManifest.xml:3:22-64
12    <uses-permission android:name="android.permission.POST_NOTIFICATIONS" />
12-->src\main\AndroidManifest.xml:4:5-77
12-->src\main\AndroidManifest.xml:4:22-74
13
14    <queries>
14-->src\main\AndroidManifest.xml:38:5-43:15
15        <intent>
15-->src\main\AndroidManifest.xml:39:9-42:18
16            <action android:name="android.intent.action.PROCESS_TEXT" />
16-->src\main\AndroidManifest.xml:40:13-73
16-->src\main\AndroidManifest.xml:40:21-70
17
18            <data android:mimeType="text/plain" />
18-->src\main\AndroidManifest.xml:41:13-51
18-->src\main\AndroidManifest.xml:41:19-48
19        </intent>
20    </queries>
21
22    <uses-permission android:name="android.permission.WAKE_LOCK" />
22-->[:firebase_messaging] AndroidManifest.xml:8:5-68
22-->[:firebase_messaging] AndroidManifest.xml:8:22-65
23    <uses-permission android:name="android.permission.ACCESS_NETWORK_STATE" />
23-->[:firebase_messaging] AndroidManifest.xml:9:5-79
23-->[:firebase_messaging] AndroidManifest.xml:9:22-76
24    <uses-permission android:name="android.permission.VIBRATE" /> <!-- Required by older versions of Google Play services to create IID tokens -->
24-->[:flutter_local_notifications] AndroidManifest.xml:7:5-66
24-->[:flutter_local_notifications] AndroidManifest.xml:7:22-63
25    <uses-permission android:name="com.google.android.c2dm.permission.RECEIVE" />
25-->[com.google.firebase:firebase-messaging:24.1.2] AndroidManifest.xml:26:5-82
25-->[com.google.firebase:firebase-messaging:24.1.2] AndroidManifest.xml:26:22-79
26
27    <permission
27-->[androidx.core:core:1.13.1] AndroidManifest.xml:22:5-24:47
28        android:name="com.example.clima.DYNAMIC_RECEIVER_NOT_EXPORTED_PERMISSION"
28-->[androidx.core:core:1.13.1] AndroidManifest.xml:23:9-81
29        android:protectionLevel="signature" />
29-->[androidx.core:core:1.13.1] AndroidManifest.xml:24:9-44
30
31    <uses-permission android:name="com.example.clima.DYNAMIC_RECEIVER_NOT_EXPORTED_PERMISSION" />
31-->[androidx.core:core:1.13.1] AndroidManifest.xml:26:5-97
31-->[androidx.core:core:1.13.1] AndroidManifest.xml:26:22-94
32
33    <application
34        android:name="android.app.Application"
34-->src\main\AndroidManifest.xml:8:9-42
35        android:appComponentFactory="androidx.core.app.CoreComponentFactory"
35-->[androidx.core:core:1.13.1] AndroidManifest.xml:28:18-86
36        android:extractNativeLibs="true"
37        android:icon="@mipmap/ic_launcher"
37-->src\main\AndroidManifest.xml:9:9-43
38        android:label="clima"
38-->src\main\AndroidManifest.xml:7:9-30
39        android:usesCleartextTraffic="true" >
39-->src\main\AndroidManifest.xml:10:9-44
40        <activity
40-->src\main\AndroidManifest.xml:12:9-31:20
41            android:name="com.example.clima.MainActivity"
41-->src\main\AndroidManifest.xml:13:13-41
42            android:configChanges="orientation|keyboardHidden|keyboard|screenSize|smallestScreenSize|locale|layoutDirection|fontScale|screenLayout|density|uiMode"
42-->src\main\AndroidManifest.xml:18:13-163
43            android:exported="true"
43-->src\main\AndroidManifest.xml:14:13-36
44            android:hardwareAccelerated="true"
44-->src\main\AndroidManifest.xml:19:13-47
45            android:launchMode="singleTop"
45-->src\main\AndroidManifest.xml:15:13-43
46            android:taskAffinity=""
46-->src\main\AndroidManifest.xml:16:13-36
47            android:theme="@style/LaunchTheme"
47-->src\main\AndroidManifest.xml:17:13-47
48            android:windowSoftInputMode="adjustResize" >
48-->src\main\AndroidManifest.xml:20:13-55
49
50            <!-- Tema mientras Flutter inicializa -->
51            <meta-data
51-->src\main\AndroidManifest.xml:23:13-25:57
52                android:name="io.flutter.embedding.android.NormalTheme"
52-->src\main\AndroidManifest.xml:24:17-72
53                android:resource="@style/NormalTheme" />
53-->src\main\AndroidManifest.xml:25:17-54
54
55            <intent-filter>
55-->src\main\AndroidManifest.xml:27:13-30:29
56                <action android:name="android.intent.action.MAIN" />
56-->src\main\AndroidManifest.xml:28:17-69
56-->src\main\AndroidManifest.xml:28:25-66
57
58                <category android:name="android.intent.category.LAUNCHER" />
58-->src\main\AndroidManifest.xml:29:17-77
58-->src\main\AndroidManifest.xml:29:27-74
59            </intent-filter>
60        </activity>
61
62        <meta-data
62-->src\main\AndroidManifest.xml:33:9-35:33
63            android:name="flutterEmbedding"
63-->src\main\AndroidManifest.xml:34:13-44
64            android:value="2" />
64-->src\main\AndroidManifest.xml:35:13-30
65
66        <service
66-->[:firebase_messaging] AndroidManifest.xml:14:9-17:72
67            android:name="io.flutter.plugins.firebase.messaging.FlutterFirebaseMessagingBackgroundService"
67-->[:firebase_messaging] AndroidManifest.xml:15:13-107
68            android:exported="false"
68-->[:firebase_messaging] AndroidManifest.xml:16:13-37
69            android:permission="android.permission.BIND_JOB_SERVICE" />
69-->[:firebase_messaging] AndroidManifest.xml:17:13-69
70        <service
70-->[:firebase_messaging] AndroidManifest.xml:18:9-24:19
71            android:name="io.flutter.plugins.firebase.messaging.FlutterFirebaseMessagingService"
71-->[:firebase_messaging] AndroidManifest.xml:19:13-97
72            android:exported="false" >
72-->[:firebase_messaging] AndroidManifest.xml:20:13-37
73            <intent-filter>
73-->[:firebase_messaging] AndroidManifest.xml:21:13-23:29
74                <action android:name="com.google.firebase.MESSAGING_EVENT" />
74-->[:firebase_messaging] AndroidManifest.xml:22:17-78
74-->[:firebase_messaging] AndroidManifest.xml:22:25-75
75            </intent-filter>
76        </service>
77
78        <receiver
78-->[:firebase_messaging] AndroidManifest.xml:26:9-33:20
79            android:name="io.flutter.plugins.firebase.messaging.FlutterFirebaseMessagingReceiver"
79-->[:firebase_messaging] AndroidManifest.xml:27:13-98
80            android:exported="true"
80-->[:firebase_messaging] AndroidManifest.xml:28:13-36
81            android:permission="com.google.android.c2dm.permission.SEND" >
81-->[:firebase_messaging] AndroidManifest.xml:29:13-73
82            <intent-filter>
82-->[:firebase_messaging] AndroidManifest.xml:30:13-32:29
83                <action android:name="com.google.android.c2dm.intent.RECEIVE" />
83-->[:firebase_messaging] AndroidManifest.xml:31:17-81
83-->[:firebase_messaging] AndroidManifest.xml:31:25-78
84            </intent-filter>
85        </receiver>
86
87        <service
87-->[:firebase_messaging] AndroidManifest.xml:35:9-39:19
88            android:name="com.google.firebase.components.ComponentDiscoveryService"
88-->[:firebase_messaging] AndroidManifest.xml:35:18-89
89            android:directBootAware="true"
89-->[com.google.firebase:firebase-common:21.0.0] AndroidManifest.xml:32:13-43
90            android:exported="false" >
90-->[com.google.firebase:firebase-messaging:24.1.2] AndroidManifest.xml:56:13-37
91            <meta-data
91-->[:firebase_messaging] AndroidManifest.xml:36:13-38:85
92                android:name="com.google.firebase.components:io.flutter.plugins.firebase.messaging.FlutterFirebaseAppRegistrar"
92-->[:firebase_messaging] AndroidManifest.xml:37:17-128
93                android:value="com.google.firebase.components.ComponentRegistrar" />
93-->[:firebase_messaging] AndroidManifest.xml:38:17-82
94            <meta-data
94-->[:firebase_core] AndroidManifest.xml:9:13-11:85
95                android:name="com.google.firebase.components:io.flutter.plugins.firebase.core.FlutterFirebaseCoreRegistrar"
95-->[:firebase_core] AndroidManifest.xml:10:17-124
96                android:value="com.google.firebase.components.ComponentRegistrar" />
96-->[:firebase_core] AndroidManifest.xml:11:17-82
97            <meta-data
97-->[com.google.firebase:firebase-messaging:24.1.2] AndroidManifest.xml:57:13-59:85
98                android:name="com.google.firebase.components:com.google.firebase.messaging.FirebaseMessagingKtxRegistrar"
98-->[com.google.firebase:firebase-messaging:24.1.2] AndroidManifest.xml:58:17-122
99                android:value="com.google.firebase.components.ComponentRegistrar" />
99-->[com.google.firebase:firebase-messaging:24.1.2] AndroidManifest.xml:59:17-82
100            <meta-data
100-->[com.google.firebase:firebase-messaging:24.1.2] AndroidManifest.xml:60:13-62:85
101                android:name="com.google.firebase.components:com.google.firebase.messaging.FirebaseMessagingRegistrar"
101-->[com.google.firebase:firebase-messaging:24.1.2] AndroidManifest.xml:61:17-119
102                android:value="com.google.firebase.components.ComponentRegistrar" />
102-->[com.google.firebase:firebase-messaging:24.1.2] AndroidManifest.xml:62:17-82
103            <meta-data
103-->[com.google.firebase:firebase-installations:18.0.0] AndroidManifest.xml:15:13-17:85
104                android:name="com.google.firebase.components:com.google.firebase.installations.FirebaseInstallationsKtxRegistrar"
104-->[com.google.firebase:firebase-installations:18.0.0] AndroidManifest.xml:16:17-130
105                android:value="com.google.firebase.components.ComponentRegistrar" />
105-->[com.google.firebase:firebase-installations:18.0.0] AndroidManifest.xml:17:17-82
106            <meta-data
106-->[com.google.firebase:firebase-installations:18.0.0] AndroidManifest.xml:18:13-20:85
107                android:name="com.google.firebase.components:com.google.firebase.installations.FirebaseInstallationsRegistrar"
107-->[com.google.firebase:firebase-installations:18.0.0] AndroidManifest.xml:19:17-127
108                android:value="com.google.firebase.components.ComponentRegistrar" />
108-->[com.google.firebase:firebase-installations:18.0.0] AndroidManifest.xml:20:17-82
109            <meta-data
109-->[com.google.firebase:firebase-common-ktx:21.0.0] AndroidManifest.xml:12:13-14:85
110                android:name="com.google.firebase.components:com.google.firebase.ktx.FirebaseCommonLegacyRegistrar"
110-->[com.google.firebase:firebase-common-ktx:21.0.0] AndroidManifest.xml:13:17-116
111                android:value="com.google.firebase.components.ComponentRegistrar" />
111-->[com.google.firebase:firebase-common-ktx:21.0.0] AndroidManifest.xml:14:17-82
112            <meta-data
112-->[com.google.firebase:firebase-common:21.0.0] AndroidManifest.xml:35:13-37:85
113                android:name="com.google.firebase.components:com.google.firebase.FirebaseCommonKtxRegistrar"
113-->[com.google.firebase:firebase-common:21.0.0] AndroidManifest.xml:36:17-109
114                android:value="com.google.firebase.components.ComponentRegistrar" />
114-->[com.google.firebase:firebase-common:21.0.0] AndroidManifest.xml:37:17-82
115            <meta-data
115-->[com.google.firebase:firebase-datatransport:18.2.0] AndroidManifest.xml:25:13-27:85
116                android:name="com.google.firebase.components:com.google.firebase.datatransport.TransportRegistrar"
116-->[com.google.firebase:firebase-datatransport:18.2.0] AndroidManifest.xml:26:17-115
117                android:value="com.google.firebase.components.ComponentRegistrar" />
117-->[com.google.firebase:firebase-datatransport:18.2.0] AndroidManifest.xml:27:17-82
118        </service>
119
120        <provider
120-->[:firebase_messaging] AndroidManifest.xml:41:9-45:38
121            android:name="io.flutter.plugins.firebase.messaging.FlutterFirebaseMessagingInitProvider"
121-->[:firebase_messaging] AndroidManifest.xml:42:13-102
122            android:authorities="com.example.clima.flutterfirebasemessaginginitprovider"
122-->[:firebase_messaging] AndroidManifest.xml:43:13-88
123            android:exported="false"
123-->[:firebase_messaging] AndroidManifest.xml:44:13-37
124            android:initOrder="99" />
124-->[:firebase_messaging] AndroidManifest.xml:45:13-35
125
126        <receiver
126-->[com.google.firebase:firebase-messaging:24.1.2] AndroidManifest.xml:29:9-40:20
127            android:name="com.google.firebase.iid.FirebaseInstanceIdReceiver"
127-->[com.google.firebase:firebase-messaging:24.1.2] AndroidManifest.xml:30:13-78
128            android:exported="true"
128-->[com.google.firebase:firebase-messaging:24.1.2] AndroidManifest.xml:31:13-36
129            android:permission="com.google.android.c2dm.permission.SEND" >
129-->[com.google.firebase:firebase-messaging:24.1.2] AndroidManifest.xml:32:13-73
130            <intent-filter>
130-->[:firebase_messaging] AndroidManifest.xml:30:13-32:29
131                <action android:name="com.google.android.c2dm.intent.RECEIVE" />
131-->[:firebase_messaging] AndroidManifest.xml:31:17-81
131-->[:firebase_messaging] AndroidManifest.xml:31:25-78
132            </intent-filter>
133
134            <meta-data
134-->[com.google.firebase:firebase-messaging:24.1.2] AndroidManifest.xml:37:13-39:40
135                android:name="com.google.android.gms.cloudmessaging.FINISHED_AFTER_HANDLED"
135-->[com.google.firebase:firebase-messaging:24.1.2] AndroidManifest.xml:38:17-92
136                android:value="true" />
136-->[com.google.firebase:firebase-messaging:24.1.2] AndroidManifest.xml:39:17-37
137        </receiver>
138        <!--
139             FirebaseMessagingService performs security checks at runtime,
140             but set to not exported to explicitly avoid allowing another app to call it.
141        -->
142        <service
142-->[com.google.firebase:firebase-messaging:24.1.2] AndroidManifest.xml:46:9-53:19
143            android:name="com.google.firebase.messaging.FirebaseMessagingService"
143-->[com.google.firebase:firebase-messaging:24.1.2] AndroidManifest.xml:47:13-82
144            android:directBootAware="true"
144-->[com.google.firebase:firebase-messaging:24.1.2] AndroidManifest.xml:48:13-43
145            android:exported="false" >
145-->[com.google.firebase:firebase-messaging:24.1.2] AndroidManifest.xml:49:13-37
146            <intent-filter android:priority="-500" >
146-->[:firebase_messaging] AndroidManifest.xml:21:13-23:29
147                <action android:name="com.google.firebase.MESSAGING_EVENT" />
147-->[:firebase_messaging] AndroidManifest.xml:22:17-78
147-->[:firebase_messaging] AndroidManifest.xml:22:25-75
148            </intent-filter>
149        </service>
150
151        <provider
151-->[com.google.firebase:firebase-common:21.0.0] AndroidManifest.xml:23:9-28:39
152            android:name="com.google.firebase.provider.FirebaseInitProvider"
152-->[com.google.firebase:firebase-common:21.0.0] AndroidManifest.xml:24:13-77
153            android:authorities="com.example.clima.firebaseinitprovider"
153-->[com.google.firebase:firebase-common:21.0.0] AndroidManifest.xml:25:13-72
154            android:directBootAware="true"
154-->[com.google.firebase:firebase-common:21.0.0] AndroidManifest.xml:26:13-43
155            android:exported="false"
155-->[com.google.firebase:firebase-common:21.0.0] AndroidManifest.xml:27:13-37
156            android:initOrder="100" />
156-->[com.google.firebase:firebase-common:21.0.0] AndroidManifest.xml:28:13-36
157
158        <uses-library
158-->[androidx.window:window:1.2.0] AndroidManifest.xml:23:9-25:40
159            android:name="androidx.window.extensions"
159-->[androidx.window:window:1.2.0] AndroidManifest.xml:24:13-54
160            android:required="false" />
160-->[androidx.window:window:1.2.0] AndroidManifest.xml:25:13-37
161        <uses-library
161-->[androidx.window:window:1.2.0] AndroidManifest.xml:26:9-28:40
162            android:name="androidx.window.sidecar"
162-->[androidx.window:window:1.2.0] AndroidManifest.xml:27:13-51
163            android:required="false" />
163-->[androidx.window:window:1.2.0] AndroidManifest.xml:28:13-37
164
165        <activity
165-->[com.google.android.gms:play-services-base:18.1.0] AndroidManifest.xml:20:9-22:45
166            android:name="com.google.android.gms.common.api.GoogleApiActivity"
166-->[com.google.android.gms:play-services-base:18.1.0] AndroidManifest.xml:20:19-85
167            android:exported="false"
167-->[com.google.android.gms:play-services-base:18.1.0] AndroidManifest.xml:22:19-43
168            android:theme="@android:style/Theme.Translucent.NoTitleBar" />
168-->[com.google.android.gms:play-services-base:18.1.0] AndroidManifest.xml:21:19-78
169
170        <provider
170-->[androidx.lifecycle:lifecycle-process:2.7.0] AndroidManifest.xml:24:9-32:20
171            android:name="androidx.startup.InitializationProvider"
171-->[androidx.lifecycle:lifecycle-process:2.7.0] AndroidManifest.xml:25:13-67
172            android:authorities="com.example.clima.androidx-startup"
172-->[androidx.lifecycle:lifecycle-process:2.7.0] AndroidManifest.xml:26:13-68
173            android:exported="false" >
173-->[androidx.lifecycle:lifecycle-process:2.7.0] AndroidManifest.xml:27:13-37
174            <meta-data
174-->[androidx.lifecycle:lifecycle-process:2.7.0] AndroidManifest.xml:29:13-31:52
175                android:name="androidx.lifecycle.ProcessLifecycleInitializer"
175-->[androidx.lifecycle:lifecycle-process:2.7.0] AndroidManifest.xml:30:17-78
176                android:value="androidx.startup" />
176-->[androidx.lifecycle:lifecycle-process:2.7.0] AndroidManifest.xml:31:17-49
177            <meta-data
177-->[androidx.profileinstaller:profileinstaller:1.3.1] AndroidManifest.xml:29:13-31:52
178                android:name="androidx.profileinstaller.ProfileInstallerInitializer"
178-->[androidx.profileinstaller:profileinstaller:1.3.1] AndroidManifest.xml:30:17-85
179                android:value="androidx.startup" />
179-->[androidx.profileinstaller:profileinstaller:1.3.1] AndroidManifest.xml:31:17-49
180        </provider>
181
182        <meta-data
182-->[com.google.android.gms:play-services-basement:18.3.0] AndroidManifest.xml:21:9-23:69
183            android:name="com.google.android.gms.version"
183-->[com.google.android.gms:play-services-basement:18.3.0] AndroidManifest.xml:22:13-58
184            android:value="@integer/google_play_services_version" />
184-->[com.google.android.gms:play-services-basement:18.3.0] AndroidManifest.xml:23:13-66
185
186        <receiver
186-->[androidx.profileinstaller:profileinstaller:1.3.1] AndroidManifest.xml:34:9-52:20
187            android:name="androidx.profileinstaller.ProfileInstallReceiver"
187-->[androidx.profileinstaller:profileinstaller:1.3.1] AndroidManifest.xml:35:13-76
188            android:directBootAware="false"
188-->[androidx.profileinstaller:profileinstaller:1.3.1] AndroidManifest.xml:36:13-44
189            android:enabled="true"
189-->[androidx.profileinstaller:profileinstaller:1.3.1] AndroidManifest.xml:37:13-35
190            android:exported="true"
190-->[androidx.profileinstaller:profileinstaller:1.3.1] AndroidManifest.xml:38:13-36
191            android:permission="android.permission.DUMP" >
191-->[androidx.profileinstaller:profileinstaller:1.3.1] AndroidManifest.xml:39:13-57
192            <intent-filter>
192-->[androidx.profileinstaller:profileinstaller:1.3.1] AndroidManifest.xml:40:13-42:29
193                <action android:name="androidx.profileinstaller.action.INSTALL_PROFILE" />
193-->[androidx.profileinstaller:profileinstaller:1.3.1] AndroidManifest.xml:41:17-91
193-->[androidx.profileinstaller:profileinstaller:1.3.1] AndroidManifest.xml:41:25-88
194            </intent-filter>
195            <intent-filter>
195-->[androidx.profileinstaller:profileinstaller:1.3.1] AndroidManifest.xml:43:13-45:29
196                <action android:name="androidx.profileinstaller.action.SKIP_FILE" />
196-->[androidx.profileinstaller:profileinstaller:1.3.1] AndroidManifest.xml:44:17-85
196-->[androidx.profileinstaller:profileinstaller:1.3.1] AndroidManifest.xml:44:25-82
197            </intent-filter>
198            <intent-filter>
198-->[androidx.profileinstaller:profileinstaller:1.3.1] AndroidManifest.xml:46:13-48:29
199                <action android:name="androidx.profileinstaller.action.SAVE_PROFILE" />
199-->[androidx.profileinstaller:profileinstaller:1.3.1] AndroidManifest.xml:47:17-88
199-->[androidx.profileinstaller:profileinstaller:1.3.1] AndroidManifest.xml:47:25-85
200            </intent-filter>
201            <intent-filter>
201-->[androidx.profileinstaller:profileinstaller:1.3.1] AndroidManifest.xml:49:13-51:29
202                <action android:name="androidx.profileinstaller.action.BENCHMARK_OPERATION" />
202-->[androidx.profileinstaller:profileinstaller:1.3.1] AndroidManifest.xml:50:17-95
202-->[androidx.profileinstaller:profileinstaller:1.3.1] AndroidManifest.xml:50:25-92
203            </intent-filter>
204        </receiver>
205
206        <service
206-->[com.google.android.datatransport:transport-backend-cct:3.1.9] AndroidManifest.xml:28:9-34:19
207            android:name="com.google.android.datatransport.runtime.backends.TransportBackendDiscovery"
207-->[com.google.android.datatransport:transport-backend-cct:3.1.9] AndroidManifest.xml:29:13-103
208            android:exported="false" >
208-->[com.google.android.datatransport:transport-backend-cct:3.1.9] AndroidManifest.xml:30:13-37
209            <meta-data
209-->[com.google.android.datatransport:transport-backend-cct:3.1.9] AndroidManifest.xml:31:13-33:39
210                android:name="backend:com.google.android.datatransport.cct.CctBackendFactory"
210-->[com.google.android.datatransport:transport-backend-cct:3.1.9] AndroidManifest.xml:32:17-94
211                android:value="cct" />
211-->[com.google.android.datatransport:transport-backend-cct:3.1.9] AndroidManifest.xml:33:17-36
212        </service>
213        <service
213-->[com.google.android.datatransport:transport-runtime:3.1.9] AndroidManifest.xml:26:9-30:19
214            android:name="com.google.android.datatransport.runtime.scheduling.jobscheduling.JobInfoSchedulerService"
214-->[com.google.android.datatransport:transport-runtime:3.1.9] AndroidManifest.xml:27:13-117
215            android:exported="false"
215-->[com.google.android.datatransport:transport-runtime:3.1.9] AndroidManifest.xml:28:13-37
216            android:permission="android.permission.BIND_JOB_SERVICE" >
216-->[com.google.android.datatransport:transport-runtime:3.1.9] AndroidManifest.xml:29:13-69
217        </service>
218
219        <receiver
219-->[com.google.android.datatransport:transport-runtime:3.1.9] AndroidManifest.xml:32:9-34:40
220            android:name="com.google.android.datatransport.runtime.scheduling.jobscheduling.AlarmManagerSchedulerBroadcastReceiver"
220-->[com.google.android.datatransport:transport-runtime:3.1.9] AndroidManifest.xml:33:13-132
221            android:exported="false" />
221-->[com.google.android.datatransport:transport-runtime:3.1.9] AndroidManifest.xml:34:13-37
222    </application>
223
224</manifest>